\BOOKMARK [1][-]{section*.4}{Introduction}{}% 1
\BOOKMARK [1][-]{section*.5}{Algorithmic Craft}{}% 2
\BOOKMARK [2][-]{section*.6}{Affordances of Computational Design}{section*.5}% 3
\BOOKMARK [2][-]{section*.7}{Affordances of Craft}{section*.5}% 4
\BOOKMARK [2][-]{section*.8}{The potential of Algorithmic Craft}{section*.5}% 5
\BOOKMARK [2][-]{section*.9}{Digital to Physical Translation}{section*.5}% 6
\BOOKMARK [2][-]{section*.10}{Challenges in access and application}{section*.5}% 7
\BOOKMARK [1][-]{section*.11}{Related Software Tools}{}% 8
\BOOKMARK [2][-]{section*.12}{Professional Tools}{section*.11}% 9
\BOOKMARK [2][-]{section*.13}{Entry-level Programming Environments}{section*.11}% 10
\BOOKMARK [2][-]{section*.14}{Entry-level CAD Tools}{section*.11}% 11
\BOOKMARK [1][-]{section*.15}{DressCode Software Design}{}% 12
\BOOKMARK [2][-]{section*.16}{Interface}{section*.15}% 13
\BOOKMARK [2][-]{section*.17}{Programming Language and Drawing API}{section*.15}% 14
\BOOKMARK [2][-]{section*.18}{Graphic Drawing Tools, Stamps and Visual Feedback Mechanisms}{section*.15}% 15
\BOOKMARK [2][-]{section*.19}{}{section*.15}% 16
\BOOKMARK [1][-]{section*.20}{Activity Design}{}% 17
\BOOKMARK [2][-]{section*.21}{Materials}{section*.20}% 18
\BOOKMARK [2][-]{section*.22}{Background}{section*.20}% 19
\BOOKMARK [2][-]{section*.23}{Code Instruction}{section*.20}% 20
\BOOKMARK [2][-]{section*.24}{Craft Instruction}{section*.20}% 21
\BOOKMARK [2][-]{section*.25}{Critiques}{section*.20}% 22
\BOOKMARK [1][-]{section*.26}{User Studies}{}% 23
\BOOKMARK [2][-]{section*.27}{Methodology}{section*.26}% 24
\BOOKMARK [2][-]{section*.28}{Preliminary Study \(Bracelets\)}{section*.26}% 25
\BOOKMARK [2][-]{section*.29}{Bracelet Results}{section*.26}% 26
\BOOKMARK [2][-]{section*.30}{Primary Study \(Screen Printing\)}{section*.26}% 27
\BOOKMARK [2][-]{section*.31}{Screen Printing Results}{section*.26}% 28
\BOOKMARK [1][-]{section*.32}{Analysis and Discussion}{}% 29
\BOOKMARK [2][-]{section*.33}{Generative Design Practices for Physical Objects}{section*.32}% 30
\BOOKMARK [2][-]{section*.34}{Forms of knowledge Sharing in Algorithmic Fabrications}{section*.32}% 31
\BOOKMARK [2][-]{section*.35}{Physical and Digital Notions of Value}{section*.32}% 32
\BOOKMARK [2][-]{section*.36}{Personal and Cultural Relevance in Algorithmic Craft}{section*.32}% 33
\BOOKMARK [2][-]{section*.37}{Opportunities in Craft and Code Hybridization}{section*.32}% 34
\BOOKMARK [1][-]{section*.38}{Recommendations for Future Design}{}% 35
\BOOKMARK [2][-]{section*.39}{Transparency}{section*.38}% 36
\BOOKMARK [2][-]{section*.40}{Literacy}{section*.38}% 37
\BOOKMARK [2][-]{section*.41}{Flexibility}{section*.38}% 38
\BOOKMARK [2][-]{section*.42}{Specificity}{section*.38}% 39
\BOOKMARK [1][-]{section*.43}{Conclusion}{}% 40
\BOOKMARK [1][-]{section*.44}{REFERENCES }{}% 41
