\BOOKMARK [1][-]{section*.4}{Introduction}{}% 1
\BOOKMARK [1][-]{section*.5}{Creative affordances of physical computational design}{}% 2
\BOOKMARK [1][-]{section*.6}{Craft application}{}% 3
\BOOKMARK [1][-]{section*.7}{Related work}{}% 4
\BOOKMARK [2][-]{section*.8}{Learning-oriented programming environments}{section*.7}% 5
\BOOKMARK [2][-]{section*.9}{CAD tools with computational design functionality}{section*.7}% 6
\BOOKMARK [2][-]{section*.10}{Linked editors}{section*.7}% 7
\BOOKMARK [2][-]{section*.11}{Craft and computing research}{section*.7}% 8
\BOOKMARK [1][-]{section*.12}{DressCode software description}{}% 9
\BOOKMARK [2][-]{section*.13}{System overview}{section*.12}% 10
\BOOKMARK [2][-]{section*.14}{Linked representations in practice}{section*.12}% 11
\BOOKMARK [2][-]{section*.15}{Correspondence}{section*.12}% 12
\BOOKMARK [3][-]{section*.16}{Generativity in DressCode}{section*.15}% 13
\BOOKMARK [2][-]{section*.17}{Readability}{section*.12}% 14
\BOOKMARK [3][-]{section*.18}{Readable references}{section*.17}% 15
\BOOKMARK [3][-]{section*.19}{Readable edits}{section*.17}% 16
\BOOKMARK [3][-]{section*.20}{Tree representation}{section*.17}% 17
\BOOKMARK [1][-]{section*.21}{Workshops}{}% 18
\BOOKMARK [2][-]{section*.22}{Evaluation methods}{section*.21}% 19
\BOOKMARK [2][-]{section*.23}{Preliminary workshop: wrist cuffs}{section*.21}% 20
\BOOKMARK [2][-]{section*.24}{Preliminary results}{section*.21}% 21
\BOOKMARK [2][-]{section*.25}{Design revisions}{section*.21}% 22
\BOOKMARK [2][-]{section*.26}{Primary workshop: screen printing}{section*.21}% 23
\BOOKMARK [2][-]{section*.27}{Workshop progression}{section*.21}% 24
\BOOKMARK [2][-]{section*.28}{Screen printing results}{section*.21}% 25
\BOOKMARK [1][-]{section*.29}{Discussion}{}% 26
\BOOKMARK [2][-]{section*.30}{Diversity in design practice}{section*.29}% 27
\BOOKMARK [2][-]{section*.31}{Tensions in linked representations}{section*.29}% 28
\BOOKMARK [2][-]{section*.32}{Designing experiences for diverse interests}{section*.29}% 29
\BOOKMARK [2][-]{section*.33}{Identity and tool use}{section*.29}% 30
\BOOKMARK [1][-]{section*.34}{Future work}{}% 31
\BOOKMARK [1][-]{section*.35}{REFERENCES }{}% 32
