mktextfm phvb7t
mktextfm phvbo7t
mktextfm phvro7t
mktextfm phvr7t
mktextfm phvb7t
mktextfm phvbo7t
mktextfm phvr7t
mktextfm phvro7t
mktextfm phvb7t
mktextfm pcrb7t
mktextfm nullfont
mktextfm pcrr7t
mktextfm phvb7t
mktextfm phvbo7t
mktextfm phvro7t
mktextfm phvr7t
mktextfm phvb7t
mktextfm phvbo7t
mktextfm phvb7t
mktextfm phvbo7t
mktextfm phvro7t
mktextfm phvb7t
mktextfm phvbo7t
mktextfm phvro7t
mktextfm phvr7t
mktextfm phvb7t
mktextfm phvb7t
mktextfm phvbo7t
mktextfm phvro7t
mktextfm phvr7t
mktextfm phvb7t
mktextfm phvbo7t
mktextfm phvr7t
mktextfm phvro7t
mktextfm phvb7t
mktextfm phvb7t
mktextfm phvbo7t
mktextfm phvro7t
mktextfm phvr7t
mktextfm phvb7t
mktextfm phvbo7t
mktextfm phvr7t
mktextfm phvro7t
mktextfm phvb7t
mktextfm pcrb7t
mktextfm nullfont
